<?xml version="1.0" encoding="UTF-8"?>
<!-- Generated by org.testng.reporters.JUnitReportReporter -->
<testsuite hostname="Kshtty" failures="0" tests="1" name="crud_without_BDD.GetProject" time="2.849" errors="0" timestamp="2023-06-21T12:49:18 IST" skipped="0">
  <testcase classname="crud_without_BDD.GetProject" name="getProj" time="2.849"/>
  <system-out/>
</testsuite> <!-- crud_without_BDD.GetProject -->
