<?xml version="1.0" encoding="UTF-8"?>
<!-- Generated by org.testng.reporters.JUnitReportReporter -->
<testsuite hostname="Kshtty" failures="0" tests="1" name="requestChaining.ReqChain_1" time="4.149" errors="0" timestamp="2023-06-23T11:12:45 IST" skipped="0">
  <testcase classname="requestChaining.ReqChain_1" name="reqChain1" time="4.149"/>
  <system-out/>
</testsuite> <!-- requestChaining.ReqChain_1 -->
