<?xml version="1.0" encoding="UTF-8"?>
<!-- Generated by org.testng.reporters.JUnitReportReporter -->
<testsuite hostname="Kshtty" failures="0" tests="1" name="threeLayersTest.AddProjectThreeLayer" time="11.681" errors="0" timestamp="2023-06-28T17:55:41 IST" skipped="0">
  <testcase classname="threeLayersTest.AddProjectThreeLayer" name="verifyCreateProj" time="11.681"/>
  <system-out/>
</testsuite> <!-- threeLayersTest.AddProjectThreeLayer -->
