<?xml version="1.0" encoding="UTF-8"?>
<!-- Generated by org.testng.reporters.JUnitReportReporter -->
<testsuite hostname="Kshtty" failures="0" tests="1" name="parameters.Update_PathParameter" time="5.904" errors="0" timestamp="2023-06-22T12:50:08 IST" skipped="0">
  <testcase classname="parameters.Update_PathParameter" name="updateProj" time="5.904"/>
  <system-out/>
</testsuite> <!-- parameters.Update_PathParameter -->
