<?xml version="1.0" encoding="UTF-8"?>
<!-- Generated by org.testng.reporters.JUnitReportReporter -->
<testsuite hostname="Kshtty" failures="0" tests="1" name="crud_without_BDD.CreateProject" time="3.664" errors="0" timestamp="2023-06-21T12:53:19 IST" skipped="0">
  <testcase classname="crud_without_BDD.CreateProject" name="createProj" time="3.664"/>
  <system-out/>
</testsuite> <!-- crud_without_BDD.CreateProject -->
