<?xml version="1.0" encoding="UTF-8"?>
<!-- Generated by org.testng.reporters.JUnitReportReporter -->
<testsuite hostname="Kshtty" failures="0" tests="1" name="interviewQuestions.ReqSpecAndRespSpecBuilder" time="7.022" errors="0" timestamp="2023-06-26T15:10:58 IST" skipped="0">
  <testcase classname="interviewQuestions.ReqSpecAndRespSpecBuilder" name="proj" time="7.022"/>
  <system-out/>
</testsuite> <!-- interviewQuestions.ReqSpecAndRespSpecBuilder -->
