<?xml version="1.0" encoding="UTF-8"?>
<!-- Generated by org.testng.reporters.JUnitReportReporter -->
<testsuite hostname="Kshtty" failures="0" tests="1" name="coops.Oauth2_0" time="8.118" errors="0" timestamp="2023-06-29T16:54:58 IST" skipped="0">
  <testcase classname="coops.Oauth2_0" name="oauth2" time="8.118"/>
  <system-out/>
</testsuite> <!-- coops.Oauth2_0 -->
