<?xml version="1.0" encoding="UTF-8"?>
<!-- Generated by org.testng.reporters.JUnitReportReporter -->
<testsuite hostname="Kshtty" failures="0" tests="1" name="crud_With_BDD_Recrus.CreateUser" time="4.561" errors="0" timestamp="2023-06-21T16:01:55 IST" skipped="0">
  <testcase classname="crud_With_BDD_Recrus.CreateUser" name="createUser" time="4.561"/>
  <system-out/>
</testsuite> <!-- crud_With_BDD_Recrus.CreateUser -->
