<?xml version="1.0" encoding="UTF-8"?>
<!-- Generated by org.testng.reporters.JUnitReportReporter -->
<testsuite hostname="Kshtty" failures="0" tests="1" name="authentication.Barear_Token_3_dlte_repo" time="7.924" errors="0" timestamp="2023-06-23T15:36:53 IST" skipped="0">
  <testcase classname="authentication.Barear_Token_3_dlte_repo" name="dlteRepo" time="7.924"/>
  <system-out/>
</testsuite> <!-- authentication.Barear_Token_3_dlte_repo -->
