<?xml version="1.0" encoding="UTF-8"?>
<!-- Generated by org.testng.reporters.JUnitReportReporter -->
<testsuite hostname="Kshtty" failures="0" tests="1" name="parameters.Get_QuerryParameter_Recrus" time="4.145" errors="0" timestamp="2023-06-22T13:24:39 IST" skipped="0">
  <testcase classname="parameters.Get_QuerryParameter_Recrus" name="getUser" time="4.145"/>
  <system-out/>
</testsuite> <!-- parameters.Get_QuerryParameter_Recrus -->
