<?xml version="1.0" encoding="UTF-8"?>
<!-- Generated by org.testng.reporters.JUnitReportReporter -->
<testsuite hostname="Kshtty" failures="0" tests="1" name="crud_With_BDD.GetSingleProject" time="3.198" errors="0" timestamp="2023-06-21T14:22:28 IST" skipped="0">
  <testcase classname="crud_With_BDD.GetSingleProject" name="getSingleProj" time="3.198"/>
  <system-out/>
</testsuite> <!-- crud_With_BDD.GetSingleProject -->
