<?xml version="1.0" encoding="UTF-8"?>
<!-- Generated by org.testng.reporters.JUnitReportReporter -->
<testsuite hostname="Kshtty" failures="0" tests="1" name="requestChaining.ReqChain_RMG" time="5.237" errors="0" timestamp="2023-06-26T10:11:33 IST" skipped="0">
  <testcase classname="requestChaining.ReqChain_RMG" name="reqChain1" time="5.237"/>
  <system-out/>
</testsuite> <!-- requestChaining.ReqChain_RMG -->
