<?xml version="1.0" encoding="UTF-8"?>
<!-- Generated by org.testng.reporters.JUnitReportReporter -->
<testsuite hostname="Kshtty" failures="0" tests="1" name="Employee_Deserialiation" time="0.717" errors="0" timestamp="2023-06-27T10:59:58 IST" skipped="0">
  <testcase classname="Employee_Deserialiation" name="emp" time="0.717"/>
  <system-out/>
</testsuite> <!-- Employee_Deserialiation -->
