<?xml version="1.0" encoding="UTF-8"?>
<!-- Generated by org.testng.reporters.JUnitReportReporter -->
<testsuite hostname="Kshtty" failures="0" tests="1" name="responseValidation.DynamicResponseValidation" time="4.587" errors="0" timestamp="2023-06-23T10:02:07 IST" skipped="0">
  <testcase classname="responseValidation.DynamicResponseValidation" name="dynamicResp" time="4.587"/>
  <system-out/>
</testsuite> <!-- responseValidation.DynamicResponseValidation -->
