<?xml version="1.0" encoding="UTF-8"?>
<!-- Generated by org.testng.reporters.JUnitReportReporter -->
<testsuite hostname="Kshtty" failures="0" tests="1" name="PostReq_With_Diff_Types.Post_Request_With_JSONObj" time="4.382" errors="0" timestamp="2023-06-22T12:04:33 IST" skipped="0">
  <testcase classname="PostReq_With_Diff_Types.Post_Request_With_JSONObj" name="createProj" time="4.382"/>
  <system-out/>
</testsuite> <!-- PostReq_With_Diff_Types.Post_Request_With_JSONObj -->
