<?xml version="1.0" encoding="UTF-8"?>
<!-- Generated by org.testng.reporters.JUnitReportReporter -->
<testsuite hostname="Kshtty" failures="0" tests="1" name="de_serialization.Employee_spouse_Desrlz" time="0.374" errors="0" timestamp="2023-06-27T12:44:27 IST" skipped="0">
  <testcase classname="de_serialization.Employee_spouse_Desrlz" name="emp" time="0.374"/>
  <system-out/>
</testsuite> <!-- de_serialization.Employee_spouse_Desrlz -->
