<?xml version="1.0" encoding="UTF-8"?>
<!-- Generated by org.testng.reporters.JUnitReportReporter -->
<testsuite hostname="Kshtty" failures="0" tests="1" name="crud_With_BDD.GetProject" time="4.186" errors="0" timestamp="2023-06-23T10:01:38 IST" skipped="0">
  <testcase classname="crud_With_BDD.GetProject" name="getProj" time="4.186"/>
  <system-out/>
</testsuite> <!-- crud_With_BDD.GetProject -->
