<?xml version="1.0" encoding="UTF-8"?>
<!-- Generated by org.testng.reporters.JUnitReportReporter -->
<testsuite hostname="Kshtty" failures="0" tests="1" name="threeLayersTest.AddProjectThreeLayer2" time="10.167" errors="0" timestamp="2023-06-28T19:05:28 IST" skipped="0">
  <testcase classname="threeLayersTest.AddProjectThreeLayer2" name="addProj" time="10.167"/>
  <system-out/>
</testsuite> <!-- threeLayersTest.AddProjectThreeLayer2 -->
