<?xml version="1.0" encoding="UTF-8"?>
<!-- Generated by org.testng.reporters.JUnitReportReporter -->
<testsuite hostname="Kshtty" failures="0" tests="1" name="crud_With_BDD_Recrus.UpdateUser" time="4.690" errors="0" timestamp="2023-06-21T17:19:50 IST" skipped="0">
  <testcase classname="crud_With_BDD_Recrus.UpdateUser" name="updateUser" time="4.690"/>
  <system-out/>
</testsuite> <!-- crud_With_BDD_Recrus.UpdateUser -->
