<?xml version="1.0" encoding="UTF-8"?>
<!-- Generated by org.testng.reporters.JUnitReportReporter -->
<testsuite hostname="Kshtty" failures="0" tests="1" name="parameters.Get_PathParameter" time="3.080" errors="0" timestamp="2023-06-22T12:57:53 IST" skipped="0">
  <testcase classname="parameters.Get_PathParameter" name="getProj" time="3.080"/>
  <system-out/>
</testsuite> <!-- parameters.Get_PathParameter -->
