<?xml version="1.0" encoding="UTF-8"?>
<!-- Generated by org.testng.reporters.JUnitReportReporter -->
<testsuite hostname="Kshtty" failures="0" tests="1" name="de_serialization.Employee_Deserialiation" time="0.384" errors="0" timestamp="2023-06-27T13:04:39 IST" skipped="0">
  <testcase classname="de_serialization.Employee_Deserialiation" name="emp" time="0.384"/>
  <system-out/>
</testsuite> <!-- de_serialization.Employee_Deserialiation -->
