<?xml version="1.0" encoding="UTF-8"?>
<!-- Generated by org.testng.reporters.JUnitReportReporter -->
<testsuite hostname="Kshtty" failures="0" tests="1" name="requestChaining.ReqChain_Recres2" time="135.046" errors="0" timestamp="2023-06-23T12:21:48 IST" skipped="0">
  <testcase classname="requestChaining.ReqChain_Recres2" name="getAllUserTakeOneUser" time="135.046"/>
  <system-out/>
</testsuite> <!-- requestChaining.ReqChain_Recres2 -->
