<?xml version="1.0" encoding="UTF-8"?>
<!-- Generated by org.testng.reporters.JUnitReportReporter -->
<testsuite hostname="Kshtty" failures="0" tests="1" name="interviewQuestions.Json_Schema" time="7.356" errors="0" timestamp="2023-06-26T18:01:26 IST" skipped="0">
  <testcase classname="interviewQuestions.Json_Schema" name="schema" time="7.356"/>
  <system-out/>
</testsuite> <!-- interviewQuestions.Json_Schema -->
