<?xml version="1.0" encoding="UTF-8"?>
<!-- Generated by org.testng.reporters.JUnitReportReporter -->
<testsuite hostname="Kshtty" failures="0" tests="3" name="dataDrivenTesting.DataDriven_Excel" time="3.504" errors="0" timestamp="2023-06-26T13:28:46 IST" skipped="0">
  <testcase classname="dataDrivenTesting.DataDriven_Excel" name="getData" time="3.325"/>
  <system-out/>
  <testcase classname="dataDrivenTesting.DataDriven_Excel" name="getData" time="0.096"/>
  <system-out/>
  <testcase classname="dataDrivenTesting.DataDriven_Excel" name="getData" time="0.083"/>
  <system-out/>
</testsuite> <!-- dataDrivenTesting.DataDriven_Excel -->
