<?xml version="1.0" encoding="UTF-8"?>
<!-- Generated by org.testng.reporters.JUnitReportReporter -->
<testsuite hostname="Kshtty" failures="0" tests="1" name="serialization.Employee_Spouse" time="0.327" errors="0" timestamp="2023-06-27T12:32:01 IST" skipped="0">
  <testcase classname="serialization.Employee_Spouse" name="emp" time="0.327"/>
  <system-out/>
</testsuite> <!-- serialization.Employee_Spouse -->
