<?xml version="1.0" encoding="UTF-8"?>
<!-- Generated by org.testng.reporters.JUnitReportReporter -->
<testsuite hostname="Kshtty" failures="0" tests="1" name="crud_With_BDD.UpdateProject" time="3.329" errors="0" timestamp="2023-06-21T14:35:06 IST" skipped="0">
  <testcase classname="crud_With_BDD.UpdateProject" name="updateProj" time="3.329"/>
  <system-out/>
</testsuite> <!-- crud_With_BDD.UpdateProject -->
