<?xml version="1.0" encoding="UTF-8"?>
<!-- Generated by org.testng.reporters.JUnitReportReporter -->
<testsuite hostname="Kshtty" failures="0" tests="1" name="crud_With_MAP.createProject" time="6.588" errors="0" timestamp="2023-06-22T16:28:48 IST" skipped="0">
  <testcase classname="crud_With_MAP.createProject" name="createProj" time="6.588"/>
  <system-out/>
</testsuite> <!-- crud_With_MAP.createProject -->
