<?xml version="1.0" encoding="UTF-8"?>
<!-- Generated by org.testng.reporters.JUnitReportReporter -->
<testsuite hostname="Kshtty" failures="0" tests="1" name="interviewQuestions.ResponseHeaderValidation" time="2.397" errors="0" timestamp="2023-06-27T15:28:06 IST" skipped="0">
  <testcase classname="interviewQuestions.ResponseHeaderValidation" name="validate" time="2.397"/>
  <system-out/>
</testsuite> <!-- interviewQuestions.ResponseHeaderValidation -->
