<?xml version="1.0" encoding="UTF-8"?>
<!-- Generated by org.testng.reporters.JUnitReportReporter -->
<testsuite hostname="Kshtty" failures="0" tests="1" name="crud_With_MAP.createProject_Map" time="11.962" errors="0" timestamp="2023-06-22T10:28:19 IST" skipped="0">
  <testcase classname="crud_With_MAP.createProject_Map" name="createProj" time="11.962"/>
  <system-out/>
</testsuite> <!-- crud_With_MAP.createProject_Map -->
