<?xml version="1.0" encoding="UTF-8"?>
<!-- Generated by org.testng.reporters.JUnitReportReporter -->
<testsuite hostname="Kshtty" failures="0" tests="1" name="de_serialization.Employee_Array" time="0.734" errors="0" timestamp="2023-06-28T08:17:17 IST" skipped="0">
  <testcase classname="de_serialization.Employee_Array" name="emp" time="0.734"/>
  <system-out/>
</testsuite> <!-- de_serialization.Employee_Array -->
