<?xml version="1.0" encoding="UTF-8"?>
<!-- Generated by org.testng.reporters.JUnitReportReporter -->
<testsuite hostname="Kshtty" failures="0" tests="1" name="responseValidation.StaticResponseValidation" time="3.969" errors="0" timestamp="2023-06-22T16:02:54 IST" skipped="0">
  <testcase classname="responseValidation.StaticResponseValidation" name="staticResp" time="3.969"/>
  <system-out/>
</testsuite> <!-- responseValidation.StaticResponseValidation -->
