<?xml version="1.0" encoding="UTF-8"?>
<!-- Generated by org.testng.reporters.JUnitReportReporter -->
<testsuite hostname="Kshtty" failures="0" tests="1" name="complexRequest.Complex_Request" time="0.362" errors="0" timestamp="2023-07-10T08:28:50 IST" skipped="0">
  <testcase classname="complexRequest.Complex_Request" name="complexRequest" time="0.362"/>
  <system-out/>
</testsuite> <!-- complexRequest.Complex_Request -->
