<?xml version="1.0" encoding="UTF-8"?>
<!-- Generated by org.testng.reporters.JUnitReportReporter -->
<testsuite hostname="Kshtty" failures="0" tests="1" name="PostReq_With_Diff_Types.PostRequestWithPojoClass" time="3.146" errors="0" timestamp="2023-06-22T12:10:54 IST" skipped="0">
  <testcase classname="PostReq_With_Diff_Types.PostRequestWithPojoClass" name="createProjPojo" time="3.146"/>
  <system-out/>
</testsuite> <!-- PostReq_With_Diff_Types.PostRequestWithPojoClass -->
