<?xml version="1.0" encoding="UTF-8"?>
<!-- Generated by org.testng.reporters.JUnitReportReporter -->
<testsuite hostname="Kshtty" failures="0" tests="1" name="authentication.BasicAuth" time="3.191" errors="0" timestamp="2023-06-23T12:35:11 IST" skipped="0">
  <testcase classname="authentication.BasicAuth" name="basicAuth" time="3.191"/>
  <system-out/>
</testsuite> <!-- authentication.BasicAuth -->
