<?xml version="1.0" encoding="UTF-8"?>
<!-- Generated by org.testng.reporters.JUnitReportReporter -->
<testsuite hostname="Kshtty" failures="0" tests="1" name="PostReq_With_Diff_Types.PostRequestWith_JSONFile" time="8.321" errors="0" timestamp="2023-06-22T11:20:10 IST" skipped="0">
  <testcase classname="PostReq_With_Diff_Types.PostRequestWith_JSONFile" name="createProject" time="8.321"/>
  <system-out/>
</testsuite> <!-- PostReq_With_Diff_Types.PostRequestWith_JSONFile -->
