<?xml version="1.0" encoding="UTF-8"?>
<!-- Generated by org.testng.reporters.JUnitReportReporter -->
<testsuite hostname="Kshtty" failures="0" tests="1" name="complexRequest.Kusnap_complexRequest" time="1.695" errors="0" timestamp="2023-08-07T11:11:20 IST" skipped="0">
  <testcase classname="complexRequest.Kusnap_complexRequest" name="createprod" time="1.695"/>
  <system-out/>
</testsuite> <!-- complexRequest.Kusnap_complexRequest -->
