<?xml version="1.0" encoding="UTF-8"?>
<!-- Generated by org.testng.reporters.JUnitReportReporter -->
<testsuite hostname="Kshtty" failures="0" tests="1" name="threeLayersTest.AddProjectTwoLayer" time="69.400" errors="0" timestamp="2023-06-28T17:53:11 IST" skipped="0">
  <testcase classname="threeLayersTest.AddProjectTwoLayer" name="addProject" time="69.400"/>
  <system-out/>
</testsuite> <!-- threeLayersTest.AddProjectTwoLayer -->
