<?xml version="1.0" encoding="UTF-8"?>
<!-- Generated by org.testng.reporters.JUnitReportReporter -->
<testsuite hostname="Kshtty" failures="0" tests="1" name="authentication.Barear_Token_2" time="8.227" errors="0" timestamp="2023-06-23T13:25:29 IST" skipped="0">
  <testcase classname="authentication.Barear_Token_2" name="getRepo" time="8.227"/>
  <system-out/>
</testsuite> <!-- authentication.Barear_Token_2 -->
