<?xml version="1.0" encoding="UTF-8"?>
<!-- Generated by org.testng.reporters.JUnitReportReporter -->
<testsuite hostname="Kshtty" failures="0" tests="1" name="threeLayersTestHardCode.ThreeLayer" time="84.843" errors="0" timestamp="2023-06-28T17:14:59 IST" skipped="0">
  <testcase classname="threeLayersTestHardCode.ThreeLayer" name="proj" time="84.843"/>
  <system-out/>
</testsuite> <!-- threeLayersTestHardCode.ThreeLayer -->
