<?xml version="1.0" encoding="UTF-8"?>
<!-- Generated by org.testng.reporters.JUnitReportReporter -->
<testsuite hostname="Kshtty" failures="0" tests="1" name="authentication.BarearToken_git" time="5.861" errors="0" timestamp="2023-06-23T13:05:56 IST" skipped="0">
  <testcase classname="authentication.BarearToken_git" name="token" time="5.861"/>
  <system-out/>
</testsuite> <!-- authentication.BarearToken_git -->
