<?xml version="1.0" encoding="UTF-8"?>
<!-- Generated by org.testng.reporters.JUnitReportReporter -->
<testsuite hostname="Kshtty" failures="0" tests="1" name="PostReq_With_Diff_Types.Post_Request_With_HashMap" time="8.449" errors="0" timestamp="2023-06-22T11:27:10 IST" skipped="0">
  <testcase classname="PostReq_With_Diff_Types.Post_Request_With_HashMap" name="createProject" time="8.449"/>
  <system-out/>
</testsuite> <!-- PostReq_With_Diff_Types.Post_Request_With_HashMap -->
