<?xml version="1.0" encoding="UTF-8"?>
<!-- Generated by org.testng.reporters.JUnitReportReporter -->
<testsuite hostname="Kshtty" failures="0" tests="1" name="authentication.Digestive_Auth" time="3.139" errors="0" timestamp="2023-06-23T12:40:21 IST" skipped="0">
  <testcase classname="authentication.Digestive_Auth" name="auth" time="3.139"/>
  <system-out/>
</testsuite> <!-- authentication.Digestive_Auth -->
