<?xml version="1.0" encoding="UTF-8"?>
<!-- Generated by org.testng.reporters.JUnitReportReporter -->
<testsuite hostname="Kshtty" failures="0" tests="1" name="threeLayersTest.AddProjectThreeLayer3" time="12.609" errors="0" timestamp="2023-06-29T11:12:37 IST" skipped="0">
  <testcase classname="threeLayersTest.AddProjectThreeLayer3" name="createProj" time="12.609"/>
  <system-out/>
</testsuite> <!-- threeLayersTest.AddProjectThreeLayer3 -->
