<?xml version="1.0" encoding="UTF-8"?>
<!-- Generated by org.testng.reporters.JUnitReportReporter -->
<testsuite hostname="Kshtty" failures="0" tests="1" name="serialization.Emploeyee_Array" time="0.444" errors="0" timestamp="2023-06-27T11:33:59 IST" skipped="0">
  <testcase classname="serialization.Emploeyee_Array" name="emp" time="0.444"/>
  <system-out/>
</testsuite> <!-- serialization.Emploeyee_Array -->
