<?xml version="1.0" encoding="UTF-8"?>
<!-- Generated by org.testng.reporters.JUnitReportReporter -->
<testsuite hostname="Kshtty" failures="0" tests="1" name="complexRequest.Complex_Request" time="1.135" errors="0" timestamp="2023-07-08T11:58:43 IST" skipped="0">
  <testcase classname="complexRequest.Complex_Request" name="complexRequest" time="1.135"/>
  <system-out/>
</testsuite> <!-- complexRequest.Complex_Request -->
