<?xml version="1.0" encoding="UTF-8"?>
<!-- Generated by org.testng.reporters.JUnitReportReporter -->
<testsuite hostname="Kshtty" failures="0" tests="1" name="crud_without_BDD.UpdateProject" time="5.317" errors="0" timestamp="2023-06-21T13:25:49 IST" skipped="0">
  <testcase classname="crud_without_BDD.UpdateProject" name="updateProj" time="5.317"/>
  <system-out/>
</testsuite> <!-- crud_without_BDD.UpdateProject -->
