<?xml version="1.0" encoding="UTF-8"?>
<!-- Generated by org.testng.reporters.JUnitReportReporter -->
<testsuite hostname="Kshtty" failures="0" tests="1" name="crud_With_BDD.DeleteProject" time="2.983" errors="0" timestamp="2023-06-21T14:26:12 IST" skipped="0">
  <testcase classname="crud_With_BDD.DeleteProject" name="deleteProj" time="2.983"/>
  <system-out/>
</testsuite> <!-- crud_With_BDD.DeleteProject -->
