<?xml version="1.0" encoding="UTF-8"?>
<!-- Generated by org.testng.reporters.JUnitReportReporter -->
<testsuite hostname="Kshtty" failures="0" tests="1" name="authentication.PreEpmtive" time="2.838" errors="0" timestamp="2023-06-23T12:43:56 IST" skipped="0">
  <testcase classname="authentication.PreEpmtive" name="auth" time="2.838"/>
  <system-out/>
</testsuite> <!-- authentication.PreEpmtive -->
