<?xml version="1.0" encoding="UTF-8"?>
<!-- Generated by org.testng.reporters.JUnitReportReporter -->
<testsuite hostname="Kshtty" failures="0" tests="1" name="serialization.EmployeeSerialization" time="0.702" errors="0" timestamp="2023-06-27T10:51:28 IST" skipped="0">
  <testcase classname="serialization.EmployeeSerialization" name="empSerialization" time="0.702"/>
  <system-out/>
</testsuite> <!-- serialization.EmployeeSerialization -->
