<?xml version="1.0" encoding="UTF-8"?>
<!-- Generated by org.testng.reporters.JUnitReportReporter -->
<testsuite hostname="Kshtty" failures="0" tests="3" name="dataDrivenTesting.dataDriven_1" time="8.772" errors="0" timestamp="2023-06-26T12:11:03 IST" skipped="0">
  <testcase classname="dataDrivenTesting.dataDriven_1" name="createProject" time="8.545"/>
  <system-out/>
  <testcase classname="dataDrivenTesting.dataDriven_1" name="createProject" time="0.088"/>
  <system-out/>
  <testcase classname="dataDrivenTesting.dataDriven_1" name="createProject" time="0.139"/>
  <system-out/>
</testsuite> <!-- dataDrivenTesting.dataDriven_1 -->
