<?xml version="1.0" encoding="UTF-8"?>
<!-- Generated by org.testng.reporters.JUnitReportReporter -->
<testsuite hostname="Kshtty" failures="0" tests="1" name="requestChaining.ReqChain_Recres" time="133.453" errors="0" timestamp="2023-06-23T12:00:49 IST" skipped="0">
  <testcase classname="requestChaining.ReqChain_Recres" name="reqChain" time="133.453"/>
  <system-out/>
</testsuite> <!-- requestChaining.ReqChain_Recres -->
